<?xml version="1.0" encoding="UTF-8" ?>
<testsuite errors="0" failures="0" hostname="hung-PC" name="mainTest" skipped="0" tests="2" time="9.838" timestamp="2014-01-09T03:25:54">
  <properties>
    <property name="java.vendor" value="Oracle Corporation" />
    <property name="lib.dir" value="lib" />
    <property name="sun.java.launcher" value="SUN_STANDARD" />
    <property name="sun.management.compiler" value="HotSpot Client Compiler" />
    <property name="os.name" value="Windows 7" />
    <property name="sun.boot.class.path" value="C:\Program Files\Java\jdk1.7.0_45\jre\lib\resources.jar;C:\Program Files\Java\jdk1.7.0_45\jre\lib\rt.jar;C:\Program Files\Java\jdk1.7.0_45\jre\lib\sunrsasign.jar;C:\Program Files\Java\jdk1.7.0_45\jre\lib\jsse.jar;C:\Program Files\Java\jdk1.7.0_45\jre\lib\jce.jar;C:\Program Files\Java\jdk1.7.0_45\jre\lib\charsets.jar;C:\Program Files\Java\jdk1.7.0_45\jre\lib\jfr.jar;C:\Program Files\Java\jdk1.7.0_45\jre\classes" />
    <property name="sun.desktop" value="windows" />
    <property name="java.vm.specification.vendor" value="Oracle Corporation" />
    <property name="ant.home" value="C:\ant" />
    <property name="jar.dir" value="build/jar" />
    <property name="java.runtime.version" value="1.7.0_45-b18" />
    <property name="report.raw.dir" value="reports/raw" />
    <property name="user.name" value="hung" />
    <property name="build.dir" value="build" />
    <property name="user.language" value="zh" />
    <property name="sun.boot.library.path" value="C:\Program Files\Java\jdk1.7.0_45\jre\bin" />
    <property name="ant.project.default-target" value="main" />
    <property name="ant.project.name" value="LC" />
    <property name="java.version" value="1.7.0_45" />
    <property name="user.timezone" value="" />
    <property name="sun.arch.data.model" value="32" />
    <property name="java.endorsed.dirs" value="C:\Program Files\Java\jdk1.7.0_45\jre\lib\endorsed" />
    <property name="sun.cpu.isalist" value="pentium_pro+mmx pentium_pro pentium+mmx pentium i486 i386 i86" />
    <property name="sun.jnu.encoding" value="MS950" />
    <property name="file.encoding.pkg" value="sun.io" />
    <property name="file.separator" value="\" />
    <property name="java.specification.name" value="Java Platform API Specification" />
    <property name="classes.dir" value="build/classes" />
    <property name="java.class.version" value="51.0" />
    <property name="user.country" value="TW" />
    <property name="java.home" value="C:\Program Files\Java\jdk1.7.0_45\jre" />
    <property name="java.vm.info" value="mixed mode, sharing" />
    <property name="main-class" value="LC" />
    <property name="ant.file" value="C:\Users\hung\workspace\Security_Warning3\build.xml" />
    <property name="os.version" value="6.1" />
    <property name="path.separator" value=";" />
    <property name="java.vm.version" value="24.45-b08" />
    <property name="report.dir" value="reports" />
    <property name="user.variant" value="" />
    <property name="ant.library.dir" value="C:\ant\lib" />
    <property name="java.awt.printerjob" value="sun.awt.windows.WPrinterJob" />
    <property name="sun.io.unicode.encoding" value="UnicodeLittle" />
    <property name="awt.toolkit" value="sun.awt.windows.WToolkit" />
    <property name="user.script" value="" />
    <property name="user.home" value="C:\Users\hung" />
    <property name="ant.file.LC" value="C:\Users\hung\workspace\Security_Warning3\build.xml" />
    <property name="java.specification.vendor" value="Oracle Corporation" />
    <property name="java.library.path" value="C:\Program Files\Java\jdk1.7.0_45\jre\bin;C:\Windows\Sun\Java\bin;C:\Windows\system32;C:\Windows;C:\Program Files\AMD APP\bin\x86;C:\Windows\system32;C:\Windows;C:\Windows\System32\Wbem;C:\Windows\System32\WindowsPowerShell\v1.0\;C:\Program Files\WIDCOMM\Bluetooth Software\;C:\ant\bin;." />
    <property name="java.vendor.url" value="http://java.oracle.com/" />
    <property name="java.vm.vendor" value="Oracle Corporation" />
    <property name="java.runtime.name" value="Java(TM) SE Runtime Environment" />
    <property name="sun.java.command" value="org.apache.tools.ant.taskdefs.optional.junit.JUnitTestRunner mainTest filtertrace=true haltOnError=false haltOnFailure=false formatter=org.apache.tools.ant.taskdefs.optional.junit.SummaryJUnitResultFormatter showoutput=false outputtoformatters=true logfailedtests=true logtestlistenerevents=false formatter=org.apache.tools.ant.taskdefs.optional.junit.XMLJUnitResultFormatter,C:\Users\hung\workspace\Security_Warning3\reports\raw\TEST-mainTest.xml crashfile=C:\Users\hung\workspace\Security_Warning3\junitvmwatcher3103143003024606704.properties propsfile=C:\Users\hung\workspace\Security_Warning3\junit3183343839434499716.properties" />
    <property name="java.class.path" value="C:\Users\hung\workspace\Security_Warning3\build;C:\Users\hung\workspace\Security_Warning3\build\classes;C:\Users\hung\workspace\Security_Warning3\lib\hamcrest-core-1.3.jar;C:\Users\hung\workspace\Security_Warning3\lib\javacsv.jar;C:\Users\hung\workspace\Security_Warning3\lib\json.jar;C:\Users\hung\workspace\Security_Warning3\lib\junit.jar;C:\Users\hung\workspace\Security_Warning3\lib\postgresql-9.3-1100.jdbc41.jar;C:\ant\lib\junit.jar;C:\ant\lib\ant-launcher.jar;C:\ant\lib\ant.jar;C:\ant\lib\ant-junit.jar;C:\ant\lib\ant-junit4.jar" />
    <property name="ant.version" value="Apache Ant(TM) version 1.9.2 compiled on July 8 2013" />
    <property name="java.vm.specification.name" value="Java Virtual Machine Specification" />
    <property name="ant.file.type" value="file" />
    <property name="java.vm.specification.version" value="1.7" />
    <property name="sun.cpu.endian" value="little" />
    <property name="sun.os.patch.level" value="" />
    <property name="java.io.tmpdir" value="C:\Users\hung\AppData\Local\Temp\" />
    <property name="java.vendor.url.bug" value="http://bugreport.sun.com/bugreport/" />
    <property name="os.arch" value="x86" />
    <property name="java.awt.graphicsenv" value="sun.awt.Win32GraphicsEnvironment" />
    <property name="java.ext.dirs" value="C:\Program Files\Java\jdk1.7.0_45\jre\lib\ext;C:\Windows\Sun\Java\lib\ext" />
    <property name="user.dir" value="C:\Users\hung\workspace\Security_Warning3" />
    <property name="line.separator" value="&#xd;&#xa;" />
    <property name="java.vm.name" value="Java HotSpot(TM) Client VM" />
    <property name="basedir" value="C:\Users\hung\workspace\Security_Warning3" />
    <property name="ant.java.version" value="1.7" />
    <property name="ant.core.lib" value="C:\ant\lib\ant.jar" />
    <property name="file.encoding" value="MS950" />
    <property name="ant.file.type.LC" value="file" />
    <property name="java.specification.version" value="1.7" />
    <property name="src.dir" value="src" />
    <property name="ant.project.invoked-targets" value="main" />
  </properties>
  <testcase classname="mainTest" name="testLink" time="9.666" />
  <testcase classname="mainTest" name="testTotal" time="0.096" />
  <system-out><![CDATA[read web is running!
Done
---Open as UTF-8---
---open file: WomenData.csv
---Total Data: 793
---close File---

---Total Data: 793
---Open as UTF-8---
---open file: WomenData.csv
---Total Data: 793
---close File---

---Total Data: 793
]]></system-out>
  <system-err><![CDATA[]]></system-err>
</testsuite>
